
 ⛅️ wrangler 4.110.0
────────────────────

Cloudflare collects anonymous telemetry about your usage of Wrangler. Learn more at https://github.com/cloudflare/workers-sdk/tree/main/packages/wrangler/telemetry.md
[custom build] Running: cd liftlogic && npm install && npm run build
[custom build] npm warn cleanup Failed to remove some directories [
[custom build] npm warn cleanup   [
[custom build] npm warn cleanup     '/app/liftlogic/node_modules/caniuse-lite',
[custom build] npm warn cleanup     [Error: ENOTEMPTY: directory not empty, rmdir '/app/liftlogic/node_modules/caniuse-lite/data/regions'] {
[custom build] npm warn cleanup       errno: -39,
[custom build] npm warn cleanup       code: 'ENOTEMPTY',
[custom build] npm warn cleanup       syscall: 'rmdir',
[custom build] npm warn cleanup       path: '/app/liftlogic/node_modules/caniuse-lite/data/regions'
[custom build] npm warn cleanup     }
[custom build] npm warn cleanup   ],
[custom build] npm warn cleanup   [
[custom build] npm warn cleanup     '/app/liftlogic/node_modules/css-tree',
[custom build] npm warn cleanup     [Error: ENOTEMPTY: directory not empty, rmdir '/app/liftlogic/node_modules/css-tree/lib/definition-syntax'] {
[custom build] npm warn cleanup       errno: -39,
[custom build] npm warn cleanup       code: 'ENOTEMPTY',
[custom build] npm warn cleanup       syscall: 'rmdir',
[custom build] npm warn cleanup       path: '/app/liftlogic/node_modules/css-tree/lib/definition-syntax'
[custom build] npm warn cleanup     }
[custom build] npm warn cleanup   ],
[custom build] npm warn cleanup   [
[custom build] npm warn cleanup     '/app/liftlogic/node_modules/caniuse-lite',
[custom build] npm warn cleanup     [Error: ENOTEMPTY: directory not empty, rmdir '/app/liftlogic/node_modules/caniuse-lite/data/regions'] {
[custom build] npm warn cleanup       errno: -39,
[custom build] npm warn cleanup       code: 'ENOTEMPTY',
[custom build] npm warn cleanup       syscall: 'rmdir',
[custom build] npm warn cleanup       path: '/app/liftlogic/node_modules/caniuse-lite/data/regions'
[custom build] npm warn cleanup     }
[custom build] npm warn cleanup   ],
[custom build] npm warn cleanup   [
[custom build] npm warn cleanup     '/app/liftlogic/node_modules/css-tree',
[custom build] npm warn cleanup     [Error: ENOTEMPTY: directory not empty, rmdir '/app/liftlogic/node_modules/css-tree/lib/definition-syntax'] {
[custom build] npm warn cleanup       errno: -39,
[custom build] npm warn cleanup       code: 'ENOTEMPTY',
[custom build] npm warn cleanup       syscall: 'rmdir',
[custom build] npm warn cleanup       path: '/app/liftlogic/node_modules/css-tree/lib/definition-syntax'
[custom build] npm warn cleanup     }
[custom build] npm warn cleanup   ],
[custom build] npm warn cleanup   [
[custom build] npm warn cleanup     '/app/liftlogic/node_modules/typescript',
[custom build] npm warn cleanup     [Error: ENOTEMPTY: directory not empty, rmdir '/app/liftlogic/node_modules/typescript'] {
[custom build] npm warn cleanup       errno: -39,
[custom build] npm warn cleanup       code: 'ENOTEMPTY',
[custom build] npm warn cleanup       syscall: 'rmdir',
[custom build] npm warn cleanup       path: '/app/liftlogic/node_modules/typescript'
[custom build] npm warn cleanup     }
[custom build] npm warn cleanup   ],
[custom build] npm warn cleanup   [
[custom build] npm warn cleanup     '/app/liftlogic/node_modules/typescript',
[custom build] npm warn cleanup     [Error: ENOTEMPTY: directory not empty, rmdir '/app/liftlogic/node_modules/typescript'] {
[custom build] npm warn cleanup       errno: -39,
[custom build] npm warn cleanup       code: 'ENOTEMPTY',
[custom build] npm warn cleanup       syscall: 'rmdir',
[custom build] npm warn cleanup       path: '/app/liftlogic/node_modules/typescript'
[custom build] npm warn cleanup     }
[custom build] npm warn cleanup   ],
[custom build] npm warn cleanup   [
[custom build] npm warn cleanup     '/app/liftlogic/node_modules/jsdom',
[custom build] npm warn cleanup     [Error: ENOTEMPTY: directory not empty, rmdir '/app/liftlogic/node_modules/jsdom/lib/generated/idl'] {
[custom build] npm warn cleanup       errno: -39,
[custom build] npm warn cleanup       code: 'ENOTEMPTY',
[custom build] npm warn cleanup       syscall: 'rmdir',
[custom build] npm warn cleanup       path: '/app/liftlogic/node_modules/jsdom/lib/generated/idl'
[custom build] npm warn cleanup     }
[custom build] npm warn cleanup   ],
[custom build] npm warn cleanup   [
[custom build] npm warn cleanup     '/app/liftlogic/node_modules/lucide-react',
[custom build] npm warn cleanup     [Error: ENOTEMPTY: directory not empty, rmdir '/app/liftlogic/node_modules/lucide-react/dist/esm/icons'] {
[custom build] npm warn cleanup       errno: -39,
[custom build] npm warn cleanup       code: 'ENOTEMPTY',
[custom build] npm warn cleanup       syscall: 'rmdir',
[custom build] npm warn cleanup       path: '/app/liftlogic/node_modules/lucide-react/dist/esm/icons'
[custom build] npm warn cleanup     }
[custom build] npm warn cleanup   ],
[custom build] npm warn cleanup   [
[custom build] npm warn cleanup     '/app/liftlogic/node_modules/lucide-react',
[custom build] npm warn cleanup     [Error: ENOTEMPTY: directory not empty, rmdir '/app/liftlogic/node_modules/lucide-react/dist/esm/icons'] {
[custom build] npm warn cleanup       errno: -39,
[custom build] npm warn cleanup       code: 'ENOTEMPTY',
[custom build] npm warn cleanup       syscall: 'rmdir',
[custom build] npm warn cleanup       path: '/app/liftlogic/node_modules/lucide-react/dist/esm/icons'
[custom build] npm warn cleanup     }
[custom build] npm warn cleanup   ],
[custom build] npm warn cleanup   [
[custom build] npm warn cleanup     '/app/liftlogic/node_modules/jsdom',
[custom build] npm warn cleanup     [Error: ENOTEMPTY: directory not empty, rmdir '/app/liftlogic/node_modules/jsdom/lib/generated/idl'] {
[custom build] npm warn cleanup       errno: -39,
[custom build] npm warn cleanup       code: 'ENOTEMPTY',
[custom build] npm warn cleanup       syscall: 'rmdir',
[custom build] npm warn cleanup       path: '/app/liftlogic/node_modules/jsdom/lib/generated/idl'
[custom build] npm warn cleanup     }
[custom build] npm warn cleanup   ],
[custom build] npm warn cleanup   [
[custom build] npm warn cleanup     '/app/liftlogic/node_modules/@testing-library/user-event',
[custom build] npm warn cleanup     [Error: ENOTEMPTY: directory not empty, rmdir '/app/liftlogic/node_modules/@testing-library/user-event/dist'] {
[custom build] npm warn cleanup       errno: -39,
[custom build] npm warn cleanup       code: 'ENOTEMPTY',
[custom build] npm warn cleanup       syscall: 'rmdir',
[custom build] npm warn cleanup       path: '/app/liftlogic/node_modules/@testing-library/user-event/dist'
[custom build] npm warn cleanup     }
[custom build] npm warn cleanup   ],
[custom build] npm warn cleanup   [
[custom build] npm warn cleanup     '/app/liftlogic/node_modules/@testing-library/user-event',
[custom build] npm warn cleanup     [Error: ENOTEMPTY: directory not empty, rmdir '/app/liftlogic/node_modules/@testing-library/user-event/dist'] {
[custom build] npm warn cleanup       errno: -39,
[custom build] npm warn cleanup       code: 'ENOTEMPTY',
[custom build] npm warn cleanup       syscall: 'rmdir',
[custom build] npm warn cleanup       path: '/app/liftlogic/node_modules/@testing-library/user-event/dist'
[custom build] npm warn cleanup     }
[custom build] npm warn cleanup   ]
[custom build] npm warn cleanup ]
[custom build]
[custom build] npm error code ENOTEMPTY
[custom build]
[custom build] npm error syscall rmdir
[custom build] npm error path /app/liftlogic/node_modules/tldts/dist/cjs
[custom build] npm error errno -39
[custom build]
[custom build] npm error ENOTEMPTY: directory not empty, rmdir '/app/liftlogic/node_modules/tldts/dist/cjs'
[custom build]
[custom build] npm error A complete log of this run can be found in: /home/jules/.npm/_logs/2026-07-14T14_07_32_356Z-debug-0.log
[custom build]
[31m✘ [41;31m[[41;97mERROR[41;31m][0m [1mError: Command failed with exit code 217: cd liftlogic && npm install && npm run build[0m

  npm warn cleanup Failed to remove some directories [
  npm warn cleanup   [
  npm warn cleanup     '/app/liftlogic/node_modules/caniuse-lite',
  npm warn cleanup     [Error: ENOTEMPTY: directory not empty, rmdir '/app/liftlogic/node_modules/caniuse-lite/data/regions'] {
  npm warn cleanup       errno: -39,
  npm warn cleanup       code: 'ENOTEMPTY',
  npm warn cleanup       syscall: 'rmdir',
  npm warn cleanup       path: '/app/liftlogic/node_modules/caniuse-lite/data/regions'
  npm warn cleanup     }
  npm warn cleanup   ],
  npm warn cleanup   [
  npm warn cleanup     '/app/liftlogic/node_modules/css-tree',
  npm warn cleanup     [Error: ENOTEMPTY: directory not empty, rmdir '/app/liftlogic/node_modules/css-tree/lib/definition-syntax'] {
  npm warn cleanup       errno: -39,
  npm warn cleanup       code: 'ENOTEMPTY',
  npm warn cleanup       syscall: 'rmdir',
  npm warn cleanup       path: '/app/liftlogic/node_modules/css-tree/lib/definition-syntax'
  npm warn cleanup     }
  npm warn cleanup   ],
  npm warn cleanup   [
  npm warn cleanup     '/app/liftlogic/node_modules/caniuse-lite',
  npm warn cleanup     [Error: ENOTEMPTY: directory not empty, rmdir '/app/liftlogic/node_modules/caniuse-lite/data/regions'] {
  npm warn cleanup       errno: -39,
  npm warn cleanup       code: 'ENOTEMPTY',
  npm warn cleanup       syscall: 'rmdir',
  npm warn cleanup       path: '/app/liftlogic/node_modules/caniuse-lite/data/regions'
  npm warn cleanup     }
  npm warn cleanup   ],
  npm warn cleanup   [
  npm warn cleanup     '/app/liftlogic/node_modules/css-tree',
  npm warn cleanup     [Error: ENOTEMPTY: directory not empty, rmdir '/app/liftlogic/node_modules/css-tree/lib/definition-syntax'] {
  npm warn cleanup       errno: -39,
  npm warn cleanup       code: 'ENOTEMPTY',
  npm warn cleanup       syscall: 'rmdir',
  npm warn cleanup       path: '/app/liftlogic/node_modules/css-tree/lib/definition-syntax'
  npm warn cleanup     }
  npm warn cleanup   ],
  npm warn cleanup   [
  npm warn cleanup     '/app/liftlogic/node_modules/typescript',
  npm warn cleanup     [Error: ENOTEMPTY: directory not empty, rmdir '/app/liftlogic/node_modules/typescript'] {
  npm warn cleanup       errno: -39,
  npm warn cleanup       code: 'ENOTEMPTY',
  npm warn cleanup       syscall: 'rmdir',
  npm warn cleanup       path: '/app/liftlogic/node_modules/typescript'
  npm warn cleanup     }
  npm warn cleanup   ],
  npm warn cleanup   [
  npm warn cleanup     '/app/liftlogic/node_modules/typescript',
  npm warn cleanup     [Error: ENOTEMPTY: directory not empty, rmdir '/app/liftlogic/node_modules/typescript'] {
  npm warn cleanup       errno: -39,
  npm warn cleanup       code: 'ENOTEMPTY',
  npm warn cleanup       syscall: 'rmdir',
  npm warn cleanup       path: '/app/liftlogic/node_modules/typescript'
  npm warn cleanup     }
  npm warn cleanup   ],
  npm warn cleanup   [
  npm warn cleanup     '/app/liftlogic/node_modules/jsdom',
  npm warn cleanup     [Error: ENOTEMPTY: directory not empty, rmdir '/app/liftlogic/node_modules/jsdom/lib/generated/idl'] {
  npm warn cleanup       errno: -39,
  npm warn cleanup       code: 'ENOTEMPTY',
  npm warn cleanup       syscall: 'rmdir',
  npm warn cleanup       path: '/app/liftlogic/node_modules/jsdom/lib/generated/idl'
  npm warn cleanup     }
  npm warn cleanup   ],
  npm warn cleanup   [
  npm warn cleanup     '/app/liftlogic/node_modules/lucide-react',
  npm warn cleanup     [Error: ENOTEMPTY: directory not empty, rmdir '/app/liftlogic/node_modules/lucide-react/dist/esm/icons'] {
  npm warn cleanup       errno: -39,
  npm warn cleanup       code: 'ENOTEMPTY',
  npm warn cleanup       syscall: 'rmdir',
  npm warn cleanup       path: '/app/liftlogic/node_modules/lucide-react/dist/esm/icons'
  npm warn cleanup     }
  npm warn cleanup   ],
  npm warn cleanup   [
  npm warn cleanup     '/app/liftlogic/node_modules/lucide-react',
  npm warn cleanup     [Error: ENOTEMPTY: directory not empty, rmdir '/app/liftlogic/node_modules/lucide-react/dist/esm/icons'] {
  npm warn cleanup       errno: -39,
  npm warn cleanup       code: 'ENOTEMPTY',
  npm warn cleanup       syscall: 'rmdir',
  npm warn cleanup       path: '/app/liftlogic/node_modules/lucide-react/dist/esm/icons'
  npm warn cleanup     }
  npm warn cleanup   ],
  npm warn cleanup   [
  npm warn cleanup     '/app/liftlogic/node_modules/jsdom',
  npm warn cleanup     [Error: ENOTEMPTY: directory not empty, rmdir '/app/liftlogic/node_modules/jsdom/lib/generated/idl'] {
  npm warn cleanup       errno: -39,
  npm warn cleanup       code: 'ENOTEMPTY',
  npm warn cleanup       syscall: 'rmdir',
  npm warn cleanup       path: '/app/liftlogic/node_modules/jsdom/lib/generated/idl'
  npm warn cleanup     }
  npm warn cleanup   ],
  npm warn cleanup   [
  npm warn cleanup     '/app/liftlogic/node_modules/@testing-library/user-event',
  npm warn cleanup     [Error: ENOTEMPTY: directory not empty, rmdir '/app/liftlogic/node_modules/@testing-library/user-event/dist'] {
  npm warn cleanup       errno: -39,
  npm warn cleanup       code: 'ENOTEMPTY',
  npm warn cleanup       syscall: 'rmdir',
  npm warn cleanup       path: '/app/liftlogic/node_modules/@testing-library/user-event/dist'
  npm warn cleanup     }
  npm warn cleanup   ],
  npm warn cleanup   [
  npm warn cleanup     '/app/liftlogic/node_modules/@testing-library/user-event',
  npm warn cleanup     [Error: ENOTEMPTY: directory not empty, rmdir '/app/liftlogic/node_modules/@testing-library/user-event/dist'] {
  npm warn cleanup       errno: -39,
  npm warn cleanup       code: 'ENOTEMPTY',
  npm warn cleanup       syscall: 'rmdir',
  npm warn cleanup       path: '/app/liftlogic/node_modules/@testing-library/user-event/dist'
  npm warn cleanup     }
  npm warn cleanup   ]
  npm warn cleanup ]
  npm error code ENOTEMPTY
  npm error syscall rmdir
  npm error path /app/liftlogic/node_modules/tldts/dist/cjs
  npm error errno -39
  npm error ENOTEMPTY: directory not empty, rmdir '/app/liftlogic/node_modules/tldts/dist/cjs'
  npm error A complete log of this run can be found in: /home/jules/.npm/_logs/2026-07-14T14_07_32_356Z-debug-0.log
      at makeError (/home/jules/.npm/_npx/32026684e21afda6/node_modules/wrangler/wrangler-dist/cli.js:168426:19)
      at handlePromise (/home/jules/.npm/_npx/32026684e21afda6/node_modules/wrangler/wrangler-dist/cli.js:168893:29)
      at process.processTicksAndRejections (node:internal/process/task_queues:103:5)
      at async runCommand (/home/jules/.npm/_npx/32026684e21afda6/node_modules/wrangler/wrangler-dist/cli.js:177636:5)
      at async runCustomBuild (/home/jules/.npm/_npx/32026684e21afda6/node_modules/wrangler/wrangler-dist/cli.js:177659:5)
      at async getEntry (/home/jules/.npm/_npx/32026684e21afda6/node_modules/wrangler/wrangler-dist/cli.js:203086:3)
      at async resolveConfig (/home/jules/.npm/_npx/32026684e21afda6/node_modules/wrangler/wrangler-dist/cli.js:210772:17)
      at async #updateConfig (/home/jules/.npm/_npx/32026684e21afda6/node_modules/wrangler/wrangler-dist/cli.js:211077:68)
      at async setupDevEnv (/home/jules/.npm/_npx/32026684e21afda6/node_modules/wrangler/wrangler-dist/cli.js:368984:3)
      at async startDev (/home/jules/.npm/_npx/32026684e21afda6/node_modules/wrangler/wrangler-dist/cli.js:368932:7) {
    shortMessage: 'Command failed with exit code 217: cd liftlogic && npm install && npm run build',
    command: 'cd liftlogic && npm install && npm run build',
    escapedCommand: 'cd liftlogic "&&" npm install "&&" npm run build',
    exitCode: 217,
    signal: undefined,
    signalDescription: undefined,
    stdout: '',
    stderr: 'npm warn cleanup Failed to remove some directories [\n' +
      'npm warn cleanup   [\n' +
      "npm warn cleanup     '/app/liftlogic/node_modules/caniuse-lite',\n" +
      "npm warn cleanup     [Error: ENOTEMPTY: directory not empty, rmdir '/app/liftlogic/node_modules/caniuse-lite/data/regions'] {\n" +
      'npm warn cleanup       errno: -39,\n' +
      "npm warn cleanup       code: 'ENOTEMPTY',\n" +
      "npm warn cleanup       syscall: 'rmdir',\n" +
      "npm warn cleanup       path: '/app/liftlogic/node_modules/caniuse-lite/data/regions'\n" +
      'npm warn cleanup     }\n' +
      'npm warn cleanup   ],\n' +
      'npm warn cleanup   [\n' +
      "npm warn cleanup     '/app/liftlogic/node_modules/css-tree',\n" +
      "npm warn cleanup     [Error: ENOTEMPTY: directory not empty, rmdir '/app/liftlogic/node_modules/css-tree/lib/definition-syntax'] {\n" +
      'npm warn cleanup       errno: -39,\n' +
      "npm warn cleanup       code: 'ENOTEMPTY',\n" +
      "npm warn cleanup       syscall: 'rmdir',\n" +
      "npm warn cleanup       path: '/app/liftlogic/node_modules/css-tree/lib/definition-syntax'\n" +
      'npm warn cleanup     }\n' +
      'npm warn cleanup   ],\n' +
      'npm warn cleanup   [\n' +
      "npm warn cleanup     '/app/liftlogic/node_modules/caniuse-lite',\n" +
      "npm warn cleanup     [Error: ENOTEMPTY: directory not empty, rmdir '/app/liftlogic/node_modules/caniuse-lite/data/regions'] {\n" +
      'npm warn cleanup       errno: -39,\n' +
      "npm warn cleanup       code: 'ENOTEMPTY',\n" +
      "npm warn cleanup       syscall: 'rmdir',\n" +
      "npm warn cleanup       path: '/app/liftlogic/node_modules/caniuse-lite/data/regions'\n" +
      'npm warn cleanup     }\n' +
      'npm warn cleanup   ],\n' +
      'npm warn cleanup   [\n' +
      "npm warn cleanup     '/app/liftlogic/node_modules/css-tree',\n" +
      "npm warn cleanup     [Error: ENOTEMPTY: directory not empty, rmdir '/app/liftlogic/node_modules/css-tree/lib/definition-syntax'] {\n" +
      'npm warn cleanup       errno: -39,\n' +
      "npm warn cleanup       code: 'ENOTEMPTY',\n" +
      "npm warn cleanup       syscall: 'rmdir',\n" +
      "npm warn cleanup       path: '/app/liftlogic/node_modules/css-tree/lib/definition-syntax'\n" +
      'npm warn cleanup     }\n' +
      'npm warn cleanup   ],\n' +
      'npm warn cleanup   [\n' +
      "npm warn cleanup     '/app/liftlogic/node_modules/typescript',\n" +
      "npm warn cleanup     [Error: ENOTEMPTY: directory not empty, rmdir '/app/liftlogic/node_modules/typescript'] {\n" +
      'npm warn cleanup       errno: -39,\n' +
      "npm warn cleanup       code: 'ENOTEMPTY',\n" +
      "npm warn cleanup       syscall: 'rmdir',\n" +
      "npm warn cleanup       path: '/app/liftlogic/node_modules/typescript'\n" +
      'npm warn cleanup     }\n' +
      'npm warn cleanup   ],\n' +
      'npm warn cleanup   [\n' +
      "npm warn cleanup     '/app/liftlogic/node_modules/typescript',\n" +
      "npm warn cleanup     [Error: ENOTEMPTY: directory not empty, rmdir '/app/liftlogic/node_modules/typescript'] {\n" +
      'npm warn cleanup       errno: -39,\n' +
      "npm warn cleanup       code: 'ENOTEMPTY',\n" +
      "npm warn cleanup       syscall: 'rmdir',\n" +
      "npm warn cleanup       path: '/app/liftlogic/node_modules/typescript'\n" +
      'npm warn cleanup     }\n' +
      'npm warn cleanup   ],\n' +
      'npm warn cleanup   [\n' +
      "npm warn cleanup     '/app/liftlogic/node_modules/jsdom',\n" +
      "npm warn cleanup     [Error: ENOTEMPTY: directory not empty, rmdir '/app/liftlogic/node_modules/jsdom/lib/generated/idl'] {\n" +
      'npm warn cleanup       errno: -39,\n' +
      "npm warn cleanup       code: 'ENOTEMPTY',\n" +
      "npm warn cleanup       syscall: 'rmdir',\n" +
      "npm warn cleanup       path: '/app/liftlogic/node_modules/jsdom/lib/generated/idl'\n" +
      'npm warn cleanup     }\n' +
      'npm warn cleanup   ],\n' +
      'npm warn cleanup   [\n' +
      "npm warn cleanup     '/app/liftlogic/node_modules/lucide-react',\n" +
      "npm warn cleanup     [Error: ENOTEMPTY: directory not empty, rmdir '/app/liftlogic/node_modules/lucide-react/dist/esm/icons'] {\n" +
      'npm warn cleanup       errno: -39,\n' +
      "npm warn cleanup       code: 'ENOTEMPTY',\n" +
      "npm warn cleanup       syscall: 'rmdir',\n" +
      "npm warn cleanup       path: '/app/liftlogic/node_modules/lucide-react/dist/esm/icons'\n" +
      'npm warn cleanup     }\n' +
      'npm warn cleanup   ],\n' +
      'npm warn cleanup   [\n' +
      "npm warn cleanup     '/app/liftlogic/node_modules/lucide-react',\n" +
      "npm warn cleanup     [Error: ENOTEMPTY: directory not empty, rmdir '/app/liftlogic/node_modules/lucide-react/dist/esm/icons'] {\n" +
      'npm warn cleanup       errno: -39,\n' +
      "npm warn cleanup       code: 'ENOTEMPTY',\n" +
      "npm warn cleanup       syscall: 'rmdir',\n" +
      "npm warn cleanup       path: '/app/liftlogic/node_modules/lucide-react/dist/esm/icons'\n" +
      'npm warn cleanup     }\n' +
      'npm warn cleanup   ],\n' +
      'npm warn cleanup   [\n' +
      "npm warn cleanup     '/app/liftlogic/node_modules/jsdom',\n" +
      "npm warn cleanup     [Error: ENOTEMPTY: directory not empty, rmdir '/app/liftlogic/node_modules/jsdom/lib/generated/idl'] {\n" +
      'npm warn cleanup       errno: -39,\n' +
      "npm warn cleanup       code: 'ENOTEMPTY',\n" +
      "npm warn cleanup       syscall: 'rmdir',\n" +
      "npm warn cleanup       path: '/app/liftlogic/node_modules/jsdom/lib/generated/idl'\n" +
      'npm warn cleanup     }\n' +
      'npm warn cleanup   ],\n' +
      'npm warn cleanup   [\n' +
      "npm warn cleanup     '/app/liftlogic/node_modules/@testing-library/user-event',\n" +
      "npm warn cleanup     [Error: ENOTEMPTY: directory not empty, rmdir '/app/liftlogic/node_modules/@testing-library/user-event/dist'] {\n" +
      'npm warn cleanup       errno: -39,\n' +
      "npm warn cleanup       code: 'ENOTEMPTY',\n" +
      "npm warn cleanup       syscall: 'rmdir',\n" +
      "npm warn cleanup       path: '/app/liftlogic/node_modules/@testing-library/user-event/dist'\n" +
      'npm warn cleanup     }\n' +
      'npm warn cleanup   ],\n' +
      'npm warn cleanup   [\n' +
      "npm warn cleanup     '/app/liftlogic/node_modules/@testing-library/user-event',\n" +
      "npm warn cleanup     [Error: ENOTEMPTY: directory not empty, rmdir '/app/liftlogic/node_modules/@testing-library/user-event/dist'] {\n" +
      'npm warn cleanup       errno: -39,\n' +
      "npm warn cleanup       code: 'ENOTEMPTY',\n" +
      "npm warn cleanup       syscall: 'rmdir',\n" +
      "npm warn cleanup       path: '/app/liftlogic/node_modules/@testing-library/user-event/dist'\n" +
      'npm warn cleanup     }\n' +
      'npm warn cleanup   ]\n' +
      'npm warn cleanup ]\n' +
      'npm error code ENOTEMPTY\n' +
      'npm error syscall rmdir\n' +
      'npm error path /app/liftlogic/node_modules/tldts/dist/cjs\n' +
      'npm error errno -39\n' +
      "npm error ENOTEMPTY: directory not empty, rmdir '/app/liftlogic/node_modules/tldts/dist/cjs'\n" +
      'npm error A complete log of this run can be found in: /home/jules/.npm/_logs/2026-07-14T14_07_32_356Z-debug-0.log',
    failed: true,
    timedOut: false,
    isCanceled: false,
    killed: false
  }



[31m✘ [41;31m[[41;97mERROR[41;31m][0m [1mRunning custom build `cd liftlogic && npm install && npm run build` failed. There are likely more logs from your build command above.[0m
